<?xml version="1.0" encoding="UTF-8"?>
<!-- Generated by org.testng.reporters.JUnitReportReporter -->
<testsuite hostname="smriti-PC" name="testCases.VerifyHomePage" tests="1" failures="0" timestamp="5 Mar 2017 04:25:34 GMT" time="19.458" errors="0">
  <testcase name="testHomePage" time="19.458" classname="testCases.VerifyHomePage"/>
</testsuite> <!-- testCases.VerifyHomePage -->
